[2019-12-11 00:39:05] local.ERROR: App\Console\Kernel::commands(): Failed opening required 'C:\inetpub\wwwroot\flexisource-code-challenge\routes/console.php' (include_path='.;C:\php\pear') {"exception":"[object] (Symfony\\Component\\Debug\\Exception\\FatalErrorException(code: 64): App\\Console\\Kernel::commands(): Failed opening required 'C:\\inetpub\\wwwroot\\flexisource-code-challenge\outes/console.php' (include_path='.;C:\\php\\pear') at C:\\inetpub\\wwwroot\\flexisource-code-challenge\\app\\Console\\Kernel.php:40)
[stacktrace]
#0 {main}
"} 
[2019-12-11 00:44:44] local.ERROR: Command "importplayers" is not defined. {"exception":"[object] (Symfony\\Component\\Console\\Exception\\CommandNotFoundException(code: 0): Command \"importplayers\" is not defined. at C:\\inetpub\\wwwroot\\flexisource-code-challenge\\vendor\\symfony\\console\\Application.php:670)
[stacktrace]
#0 C:\\inetpub\\wwwroot\\flexisource-code-challenge\\vendor\\symfony\\console\\Application.php(236): Symfony\\Component\\Console\\Application->find('importplayers')
#1 C:\\inetpub\\wwwroot\\flexisource-code-challenge\\vendor\\symfony\\console\\Application.php(148): Symfony\\Component\\Console\\Application->doRun(Object(Symfony\\Component\\Console\\Input\\ArgvInput), Object(Symfony\\Component\\Console\\Output\\ConsoleOutput))
#2 C:\\inetpub\\wwwroot\\flexisource-code-challenge\\vendor\\laravel\\framework\\src\\Illuminate\\Console\\Application.php(93): Symfony\\Component\\Console\\Application->run(Object(Symfony\\Component\\Console\\Input\\ArgvInput), Object(Symfony\\Component\\Console\\Output\\ConsoleOutput))
#3 C:\\inetpub\\wwwroot\\flexisource-code-challenge\\vendor\\laravel\\framework\\src\\Illuminate\\Foundation\\Console\\Kernel.php(131): Illuminate\\Console\\Application->run(Object(Symfony\\Component\\Console\\Input\\ArgvInput), Object(Symfony\\Component\\Console\\Output\\ConsoleOutput))
#4 C:\\inetpub\\wwwroot\\flexisource-code-challenge\\artisan(37): Illuminate\\Foundation\\Console\\Kernel->handle(Object(Symfony\\Component\\Console\\Input\\ArgvInput), Object(Symfony\\Component\\Console\\Output\\ConsoleOutput))
#5 {main}
"} 
[2019-12-11 00:45:04] local.ERROR: Call to protected method App\Http\Controllers\PlayerController::import() from context 'App\Console\Commands\ImportPlayers' {"exception":"[object] (Symfony\\Component\\Debug\\Exception\\FatalThrowableError(code: 0): Call to protected method App\\Http\\Controllers\\PlayerController::import() from context 'App\\Console\\Commands\\ImportPlayers' at C:\\inetpub\\wwwroot\\flexisource-code-challenge\\app\\Console\\Commands\\ImportPlayers.php:41)
[stacktrace]
#0 [internal function]: App\\Console\\Commands\\ImportPlayers->handle()
#1 C:\\inetpub\\wwwroot\\flexisource-code-challenge\\vendor\\laravel\\framework\\src\\Illuminate\\Container\\BoundMethod.php(32): call_user_func_array(Array, Array)
#2 C:\\inetpub\\wwwroot\\flexisource-code-challenge\\vendor\\laravel\\framework\\src\\Illuminate\\Container\\Util.php(36): Illuminate\\Container\\BoundMethod::Illuminate\\Container\\{closure}()
#3 C:\\inetpub\\wwwroot\\flexisource-code-challenge\\vendor\\laravel\\framework\\src\\Illuminate\\Container\\BoundMethod.php(90): Illuminate\\Container\\Util::unwrapIfClosure(Object(Closure))
#4 C:\\inetpub\\wwwroot\\flexisource-code-challenge\\vendor\\laravel\\framework\\src\\Illuminate\\Container\\BoundMethod.php(34): Illuminate\\Container\\BoundMethod::callBoundMethod(Object(Illuminate\\Foundation\\Application), Array, Object(Closure))
#5 C:\\inetpub\\wwwroot\\flexisource-code-challenge\\vendor\\laravel\\framework\\src\\Illuminate\\Container\\Container.php(590): Illuminate\\Container\\BoundMethod::call(Object(Illuminate\\Foundation\\Application), Array, Array, NULL)
#6 C:\\inetpub\\wwwroot\\flexisource-code-challenge\\vendor\\laravel\\framework\\src\\Illuminate\\Console\\Command.php(202): Illuminate\\Container\\Container->call(Array)
#7 C:\\inetpub\\wwwroot\\flexisource-code-challenge\\vendor\\symfony\\console\\Command\\Command.php(255): Illuminate\\Console\\Command->execute(Object(Symfony\\Component\\Console\\Input\\ArgvInput), Object(Illuminate\\Console\\OutputStyle))
#8 C:\\inetpub\\wwwroot\\flexisource-code-challenge\\vendor\\laravel\\framework\\src\\Illuminate\\Console\\Command.php(189): Symfony\\Component\\Console\\Command\\Command->run(Object(Symfony\\Component\\Console\\Input\\ArgvInput), Object(Illuminate\\Console\\OutputStyle))
#9 C:\\inetpub\\wwwroot\\flexisource-code-challenge\\vendor\\symfony\\console\\Application.php(1011): Illuminate\\Console\\Command->run(Object(Symfony\\Component\\Console\\Input\\ArgvInput), Object(Symfony\\Component\\Console\\Output\\ConsoleOutput))
#10 C:\\inetpub\\wwwroot\\flexisource-code-challenge\\vendor\\symfony\\console\\Application.php(272): Symfony\\Component\\Console\\Application->doRunCommand(Object(App\\Console\\Commands\\ImportPlayers), Object(Symfony\\Component\\Console\\Input\\ArgvInput), Object(Symfony\\Component\\Console\\Output\\ConsoleOutput))
#11 C:\\inetpub\\wwwroot\\flexisource-code-challenge\\vendor\\symfony\\console\\Application.php(148): Symfony\\Component\\Console\\Application->doRun(Object(Symfony\\Component\\Console\\Input\\ArgvInput), Object(Symfony\\Component\\Console\\Output\\ConsoleOutput))
#12 C:\\inetpub\\wwwroot\\flexisource-code-challenge\\vendor\\laravel\\framework\\src\\Illuminate\\Console\\Application.php(93): Symfony\\Component\\Console\\Application->run(Object(Symfony\\Component\\Console\\Input\\ArgvInput), Object(Symfony\\Component\\Console\\Output\\ConsoleOutput))
#13 C:\\inetpub\\wwwroot\\flexisource-code-challenge\\vendor\\laravel\\framework\\src\\Illuminate\\Foundation\\Console\\Kernel.php(131): Illuminate\\Console\\Application->run(Object(Symfony\\Component\\Console\\Input\\ArgvInput), Object(Symfony\\Component\\Console\\Output\\ConsoleOutput))
#14 C:\\inetpub\\wwwroot\\flexisource-code-challenge\\artisan(37): Illuminate\\Foundation\\Console\\Kernel->handle(Object(Symfony\\Component\\Console\\Input\\ArgvInput), Object(Symfony\\Component\\Console\\Output\\ConsoleOutput))
#15 {main}
"} 
